<?xml version="1.0" encoding="UTF-8"?>
<!-- Generated by org.testng.reporters.JUnitReportReporter -->
<testsuite skipped="0" hostname="TYSS-Raghu" name="com.testscripts.GetAddress" tests="1" failures="0" timestamp="2020-10-30T17:57:05 IST" time="31.222" errors="0">
  <testcase name="test1" time="31.222" classname="com.testscripts.GetAddress"/>
</testsuite> <!-- com.testscripts.GetAddress -->
